<?xml version="1.0" encoding="UTF-8"?>
<!-- Generated by org.testng.reporters.JUnitReportReporter -->
<testsuite hostname="DESKTOP-9JGPINH" failures="0" tests="1" name="TestScript.Homepage" time="5.737" errors="0" timestamp="2023-10-21T15:44:09 IST" skipped="0">
  <testcase classname="TestScript.Homepage" name="Homepag" time="5.737"/>
</testsuite> <!-- TestScript.Homepage -->
