<?xml version="1.0" encoding="UTF-8"?>
<!-- Generated by org.testng.reporters.JUnitReportReporter -->
<testsuite hostname="DESKTOP-9JGPINH" failures="0" tests="1" name="TestScript.PreAdm_HomePage" time="10.753" errors="0" timestamp="2023-10-21T16:37:40 IST" skipped="0">
  <testcase classname="TestScript.PreAdm_HomePage" name="Test" time="10.753"/>
</testsuite> <!-- TestScript.PreAdm_HomePage -->
